This file contains any messages produced by compilers while
running configure, to aid debugging if configure makes a mistake.

It was created by mpiStochSim configure 1.0, which was
generated by GNU Autoconf 2.69.  Invocation command line was

  $ ./configure 

## --------- ##
## Platform. ##
## --------- ##

hostname = bs-mbp201.d.ethz.ch
uname -m = x86_64
uname -r = 16.7.0
uname -s = Darwin
uname -v = Darwin Kernel Version 16.7.0: Thu Jun 15 17:36:27 PDT 2017; root:xnu-3789.70.16~2/RELEASE_X86_64

/usr/bin/uname -p = i386
/bin/uname -X     = unknown

/bin/arch              = unknown
/usr/bin/arch -k       = unknown
/usr/convex/getsysinfo = unknown
/usr/bin/hostinfo      = Mach kernel version:
	 Darwin Kernel Version 16.7.0: Thu Jun 15 17:36:27 PDT 2017; root:xnu-3789.70.16~2/RELEASE_X86_64
Kernel configured for up to 8 processors.
4 processors are physically available.
8 processors are logically available.
Processor type: i486 (Intel 80486)
Processors active: 0 1 2 3 4 5 6 7
Primary memory available: 16.00 gigabytes
Default processor set: 352 tasks, 1980 threads, 8 processors
Load average: 2.36, Mach factor: 5.63
/bin/machine           = unknown
/usr/bin/oslevel       = unknown
/bin/universe          = unknown

PATH: /usr/bin
PATH: /bin
PATH: /usr/sbin
PATH: /sbin
PATH: /usr/local/bin
PATH: /opt/X11/bin
PATH: /Library/TeX/texbin


## ----------- ##
## Core tests. ##
## ----------- ##

configure:1873: checking build system type
configure:1887: result: i386-apple-darwin16.7.0
configure:1907: checking host system type
configure:1920: result: i386-apple-darwin16.7.0
configure:1940: checking target system type
configure:1953: result: i386-apple-darwin16.7.0
configure:1998: checking for a BSD-compatible install
configure:2066: result: /usr/bin/install -c
configure:2077: checking whether build environment is sane
configure:2132: result: yes
configure:2283: checking for a thread-safe mkdir -p
configure:2322: result: ./install-sh -c -d
configure:2329: checking for gawk
configure:2359: result: no
configure:2329: checking for mawk
configure:2359: result: no
configure:2329: checking for nawk
configure:2359: result: no
configure:2329: checking for awk
configure:2345: found /usr/bin/awk
configure:2356: result: awk
configure:2367: checking whether make sets $(MAKE)
configure:2389: result: yes
configure:2531: checking for mpicc
configure:2547: found /usr/local/bin/mpicc
configure:2558: result: mpicc
configure:2589: checking for C compiler version
configure:2598: mpicc --version >&5
Apple LLVM version 5.0 (clang-500.2.79) (based on LLVM 3.3svn)
Target: x86_64-apple-darwin16.7.0
Thread model: posix
Configured with: --prefix=/Applications/Xcode.app/Contents/Developer/usr --with-gxx-include-dir=/Applications/Xcode.app/Contents/Developer/Platforms/MacOSX.platform/Developer/SDKs/MacOSX10.9.sdk/usr/include/c++/4.2.1
configure:2609: $? = 0
configure:2598: mpicc -v >&5
Configured with: --prefix=/Applications/Xcode.app/Contents/Developer/usr --with-gxx-include-dir=/Applications/Xcode.app/Contents/Developer/Platforms/MacOSX.platform/Developer/SDKs/MacOSX10.9.sdk/usr/include/c++/4.2.1
Apple LLVM version 5.0 (clang-500.2.79) (based on LLVM 3.3svn)
Target: x86_64-apple-darwin16.7.0
Thread model: posix
configure:2609: $? = 0
configure:2598: mpicc -V >&5
clang: error: argument to '-V' is missing (expected 1 value)
clang: error: no input files
configure:2609: $? = 1
configure:2598: mpicc -qversion >&5
clang: error: no input files
configure:2609: $? = 1
configure:2629: checking whether the C compiler works
configure:2651: mpicc    conftest.c  >&5
configure:2655: $? = 0
configure:2703: result: yes
configure:2706: checking for C compiler default output file name
configure:2708: result: a.out
configure:2714: checking for suffix of executables
configure:2721: mpicc -o conftest    conftest.c  >&5
configure:2725: $? = 0
configure:2747: result: 
configure:2769: checking whether we are cross compiling
configure:2777: mpicc -o conftest    conftest.c  >&5
configure:2781: $? = 0
configure:2788: ./conftest
configure:2792: $? = 0
configure:2807: result: no
configure:2812: checking for suffix of object files
configure:2834: mpicc -c   conftest.c >&5
configure:2838: $? = 0
configure:2859: result: o
configure:2863: checking whether we are using the GNU C compiler
configure:2882: mpicc -c   conftest.c >&5
configure:2882: $? = 0
configure:2891: result: yes
configure:2900: checking whether mpicc accepts -g
configure:2920: mpicc -c -g  conftest.c >&5
configure:2920: $? = 0
configure:2961: result: yes
configure:2978: checking for mpicc option to accept ISO C89
configure:3041: mpicc  -c -g -O2  conftest.c >&5
configure:3041: $? = 0
configure:3054: result: none needed
configure:3085: checking for style of include used by make
configure:3113: result: GNU
configure:3139: checking dependency style of mpicc
configure:3250: result: gcc3
configure:3265: checking for mpicc option to accept ISO C99
configure:3414: mpicc  -c -g -O2  conftest.c >&5
configure:3414: $? = 0
configure:3427: result: none needed
configure:3445: checking for cos in -lm
configure:3470: mpicc -o conftest -g -O2   conftest.c -lm   >&5
conftest.c:18:6: warning: incompatible redeclaration of library function 'cos' [-Wincompatible-library-redeclaration]
char cos ();
     ^
conftest.c:18:6: note: 'cos' is a builtin with type 'double (double)'
1 warning generated.
configure:3470: $? = 0
configure:3479: result: yes
configure:3490: checking for cblas_dgemm in -lgslcblas
configure:3515: mpicc -o conftest -g -O2   conftest.c -lgslcblas  -lm  >&5
configure:3515: $? = 0
configure:3524: result: yes
configure:3535: checking for gsl_blas_dgemm in -lgsl
configure:3560: mpicc -o conftest -g -O2   conftest.c -lgsl  -lgslcblas -lm  >&5
configure:3560: $? = 0
configure:3569: result: yes
configure:3580: checking for rxn_sample_path_alloc in -lparestlib
configure:3605: mpicc -o conftest -g -O2   conftest.c -lparestlib  -lgsl -lgslcblas -lm  >&5
configure:3605: $? = 0
configure:3614: result: yes
configure:3625: checking for syncirc_mod_setup in -lstochmod
configure:3650: mpicc -o conftest -g -O2   conftest.c -lstochmod  -lparestlib -lgsl -lgslcblas -lm  >&5
configure:3650: $? = 0
configure:3659: result: yes
configure:3670: checking for xmlReadFile in -lxml2
configure:3695: mpicc -o conftest -g -O2   conftest.c -lxml2  -lstochmod -lparestlib -lgsl -lgslcblas -lm  >&5
configure:3695: $? = 0
configure:3704: result: yes
configure:3865: checking that generated files are newer than configure
configure:3871: result: done
configure:3894: creating ./config.status

## ---------------------- ##
## Running config.status. ##
## ---------------------- ##

This file was extended by mpiStochSim config.status 1.0, which was
generated by GNU Autoconf 2.69.  Invocation command line was

  CONFIG_FILES    = 
  CONFIG_HEADERS  = 
  CONFIG_LINKS    = 
  CONFIG_COMMANDS = 
  $ ./config.status 

on bs-mbp201.d.ethz.ch

config.status:784: creating Makefile
config.status:784: creating mpistochsim/Makefile
config.status:784: creating mpidcmsim/Makefile
config.status:784: creating mpibatchsim/Makefile
config.status:956: executing depfiles commands

## ---------------- ##
## Cache variables. ##
## ---------------- ##

ac_cv_build=i386-apple-darwin16.7.0
ac_cv_c_compiler_gnu=yes
ac_cv_env_CC_set=
ac_cv_env_CC_value=
ac_cv_env_CFLAGS_set=
ac_cv_env_CFLAGS_value=
ac_cv_env_CPPFLAGS_set=
ac_cv_env_CPPFLAGS_value=
ac_cv_env_LDFLAGS_set=
ac_cv_env_LDFLAGS_value=
ac_cv_env_LIBS_set=
ac_cv_env_LIBS_value=
ac_cv_env_build_alias_set=
ac_cv_env_build_alias_value=
ac_cv_env_host_alias_set=
ac_cv_env_host_alias_value=
ac_cv_env_target_alias_set=
ac_cv_env_target_alias_value=
ac_cv_host=i386-apple-darwin16.7.0
ac_cv_lib_gsl_gsl_blas_dgemm=yes
ac_cv_lib_gslcblas_cblas_dgemm=yes
ac_cv_lib_m_cos=yes
ac_cv_lib_parestlib_rxn_sample_path_alloc=yes
ac_cv_lib_stochmod_syncirc_mod_setup=yes
ac_cv_lib_xml2_xmlReadFile=yes
ac_cv_objext=o
ac_cv_path_install='/usr/bin/install -c'
ac_cv_prog_AWK=awk
ac_cv_prog_ac_ct_CC=mpicc
ac_cv_prog_cc_c89=
ac_cv_prog_cc_c99=
ac_cv_prog_cc_g=yes
ac_cv_prog_make_make_set=yes
ac_cv_target=i386-apple-darwin16.7.0
am_cv_CC_dependencies_compiler_type=gcc3

## ----------------- ##
## Output variables. ##
## ----------------- ##

ACLOCAL='${SHELL} /Users/lillaccg/Dropbox/Development/mpiStochSim/missing --run aclocal-1.12'
AMDEPBACKSLASH='\'
AMDEP_FALSE='#'
AMDEP_TRUE=''
AMTAR='$${TAR-tar}'
AUTOCONF='${SHELL} /Users/lillaccg/Dropbox/Development/mpiStochSim/missing --run autoconf'
AUTOHEADER='${SHELL} /Users/lillaccg/Dropbox/Development/mpiStochSim/missing --run autoheader'
AUTOMAKE='${SHELL} /Users/lillaccg/Dropbox/Development/mpiStochSim/missing --run automake-1.12'
AWK='awk'
CC='mpicc'
CCDEPMODE='depmode=gcc3'
CFLAGS='-g -O2'
CPPFLAGS=''
CYGPATH_W='echo'
DEFS='-DPACKAGE_NAME=\"mpiStochSim\" -DPACKAGE_TARNAME=\"mpistochsim\" -DPACKAGE_VERSION=\"1.0\" -DPACKAGE_STRING=\"mpiStochSim\ 1.0\" -DPACKAGE_BUGREPORT=\"\" -DPACKAGE_URL=\"\" -DPACKAGE=\"mpistochsim\" -DVERSION=\"1.0\" -DHAVE_LIBM=1 -DHAVE_LIBGSLCBLAS=1 -DHAVE_LIBGSL=1 -DHAVE_LIBPARESTLIB=1 -DHAVE_LIBSTOCHMOD=1 -DHAVE_LIBXML2=1'
DEPDIR='.deps'
ECHO_C='\c'
ECHO_N=''
ECHO_T=''
EXEEXT=''
INSTALL_DATA='${INSTALL} -m 644'
INSTALL_PROGRAM='${INSTALL}'
INSTALL_SCRIPT='${INSTALL}'
INSTALL_STRIP_PROGRAM='$(install_sh) -c -s'
LDFLAGS=''
LIBOBJS=''
LIBS='-lxml2 -lstochmod -lparestlib -lgsl -lgslcblas -lm '
LTLIBOBJS=''
MAKEINFO='${SHELL} /Users/lillaccg/Dropbox/Development/mpiStochSim/missing --run makeinfo'
MKDIR_P='./install-sh -c -d'
OBJEXT='o'
PACKAGE='mpistochsim'
PACKAGE_BUGREPORT=''
PACKAGE_NAME='mpiStochSim'
PACKAGE_STRING='mpiStochSim 1.0'
PACKAGE_TARNAME='mpistochsim'
PACKAGE_URL=''
PACKAGE_VERSION='1.0'
PATH_SEPARATOR=':'
SET_MAKE=''
SHELL='/bin/sh'
STRIP=''
VERSION='1.0'
ac_ct_CC='mpicc'
am__EXEEXT_FALSE=''
am__EXEEXT_TRUE='#'
am__fastdepCC_FALSE='#'
am__fastdepCC_TRUE=''
am__include='include'
am__isrc=''
am__leading_dot='.'
am__nodep='_no'
am__quote=''
am__tar='$${TAR-tar} chof - "$$tardir"'
am__untar='$${TAR-tar} xf -'
bindir='${exec_prefix}/bin'
build='i386-apple-darwin16.7.0'
build_alias=''
build_cpu='i386'
build_os='darwin16.7.0'
build_vendor='apple'
datadir='${datarootdir}'
datarootdir='${prefix}/share'
docdir='${datarootdir}/doc/${PACKAGE_TARNAME}'
dvidir='${docdir}'
exec_prefix='${prefix}'
host='i386-apple-darwin16.7.0'
host_alias=''
host_cpu='i386'
host_os='darwin16.7.0'
host_vendor='apple'
htmldir='${docdir}'
includedir='${prefix}/include'
infodir='${datarootdir}/info'
install_sh='${SHELL} /Users/lillaccg/Dropbox/Development/mpiStochSim/install-sh'
libdir='${exec_prefix}/lib'
libexecdir='${exec_prefix}/libexec'
localedir='${datarootdir}/locale'
localstatedir='${prefix}/var'
mandir='${datarootdir}/man'
mkdir_p='$(MKDIR_P)'
oldincludedir='/usr/include'
pdfdir='${docdir}'
prefix='/usr/local'
program_transform_name='s,x,x,'
psdir='${docdir}'
sbindir='${exec_prefix}/sbin'
sharedstatedir='${prefix}/com'
sysconfdir='${prefix}/etc'
target='i386-apple-darwin16.7.0'
target_alias=''
target_cpu='i386'
target_os='darwin16.7.0'
target_vendor='apple'

## ----------- ##
## confdefs.h. ##
## ----------- ##

/* confdefs.h */
#define PACKAGE_NAME "mpiStochSim"
#define PACKAGE_TARNAME "mpistochsim"
#define PACKAGE_VERSION "1.0"
#define PACKAGE_STRING "mpiStochSim 1.0"
#define PACKAGE_BUGREPORT ""
#define PACKAGE_URL ""
#define PACKAGE "mpistochsim"
#define VERSION "1.0"
#define HAVE_LIBM 1
#define HAVE_LIBGSLCBLAS 1
#define HAVE_LIBGSL 1
#define HAVE_LIBPARESTLIB 1
#define HAVE_LIBSTOCHMOD 1
#define HAVE_LIBXML2 1

configure: exit 0
